<?xml version="1.0" encoding="UTF-8" ?>
<testsuite tests="1" failures="0" name="com.itheima.ssm.ItemsMapperTest" time="0.958" errors="0" skipped="0">
  <properties>
    <property name="java.runtime.name" value="OpenJDK Runtime Environment"/>
    <property name="sun.boot.library.path" value="D:\IntelliJ IDEA 2019.1\jre64\bin"/>
    <property name="java.vm.version" value="25.202-b39"/>
    <property name="java.vm.vendor" value="JetBrains s.r.o"/>
    <property name="maven.multiModuleProjectDirectory" value="D:\ideawork\ssm_parent\ssm_dao"/>
    <property name="java.vendor.url" value="https://www.jetbrains.com/"/>
    <property name="path.separator" value=";"/>
    <property name="guice.disable.misplaced.annotation.check" value="true"/>
    <property name="java.vm.name" value="OpenJDK 64-Bit Server VM"/>
    <property name="file.encoding.pkg" value="sun.io"/>
    <property name="user.script" value=""/>
    <property name="user.country" value="CN"/>
    <property name="sun.java.launcher" value="SUN_STANDARD"/>
    <property name="sun.os.patch.level" value=""/>
    <property name="java.vm.specification.name" value="Java Virtual Machine Specification"/>
    <property name="user.dir" value="D:\ideawork\ssm_parent\ssm_dao"/>
    <property name="java.runtime.version" value="1.8.0_202-release-1483-b58"/>
    <property name="java.awt.graphicsenv" value="sun.awt.Win32GraphicsEnvironment"/>
    <property name="java.endorsed.dirs" value="D:\IntelliJ IDEA 2019.1\jre64\lib\endorsed"/>
    <property name="os.arch" value="amd64"/>
    <property name="java.io.tmpdir" value="C:\Users\JJ89757\AppData\Local\Temp\"/>
    <property name="line.separator" value="
"/>
    <property name="java.vm.specification.vendor" value="Oracle Corporation"/>
    <property name="user.variant" value=""/>
    <property name="os.name" value="Windows 10"/>
    <property name="classworlds.conf" value="D:\apache-maven-3.3.9\bin\m2.conf"/>
    <property name="sun.jnu.encoding" value="GBK"/>
    <property name="java.library.path" value="D:\IntelliJ IDEA 2019.1\jre64\bin;C:\Windows\Sun\Java\bin;C:\Windows\system32;C:\Windows;D:\apache-maven-3.3.9\bin;D:\Java\jdk1.8.0_211\bin;D:\mysql-5.7.26-winx64\bin;C:\Program Files (x86)\Intel\Intel(R) Management Engine Components\iCLS\;C:\Program Files\Intel\Intel(R) Management Engine Components\iCLS\;C:\Windows\system32;C:\Windows;C:\Windows\System32\Wbem;C:\Windows\System32\WindowsPowerShell\v1.0\;C:\Windows\System32\OpenSSH\;C:\Program Files (x86)\Intel\Intel(R) Management Engine Components\DAL;C:\Program Files\Intel\Intel(R) Management Engine Components\DAL;C:\Program Files (x86)\Intel\Intel(R) Management Engine Components\IPT;C:\Program Files\Intel\Intel(R) Management Engine Components\IPT;D:\VanDyke Software\Clients\;C:\Users\JJ89757\AppData\Local\Microsoft\WindowsApps;."/>
    <property name="java.specification.name" value="Java Platform API Specification"/>
    <property name="java.class.version" value="52.0"/>
    <property name="sun.management.compiler" value="HotSpot 64-Bit Tiered Compilers"/>
    <property name="maven.repo.local" value="D:\Java\maven_resource"/>
    <property name="os.version" value="10.0"/>
    <property name="user.home" value="C:\Users\JJ89757"/>
    <property name="user.timezone" value="Asia/Shanghai"/>
    <property name="java.awt.printerjob" value="sun.awt.windows.WPrinterJob"/>
    <property name="java.specification.version" value="1.8"/>
    <property name="file.encoding" value="UTF-8"/>
    <property name="user.name" value="JJ89757"/>
    <property name="java.class.path" value="D:\apache-maven-3.3.9\boot\plexus-classworlds-2.5.2.jar;D:\IntelliJ IDEA 2019.1\lib\idea_rt.jar"/>
    <property name="java.vm.specification.version" value="1.8"/>
    <property name="sun.arch.data.model" value="64"/>
    <property name="java.home" value="D:\IntelliJ IDEA 2019.1\jre64"/>
    <property name="sun.java.command" value="org.codehaus.classworlds.Launcher -Didea.version2019.1.3 -s D:\apache-maven-3.3.9\conf\settings.xml -Dmaven.repo.local=D:\Java\maven_resource deploy"/>
    <property name="java.specification.vendor" value="Oracle Corporation"/>
    <property name="user.language" value="zh"/>
    <property name="awt.toolkit" value="sun.awt.windows.WToolkit"/>
    <property name="idea.version2019.1.3" value="true"/>
    <property name="java.vm.info" value="mixed mode"/>
    <property name="java.version" value="1.8.0_202-release"/>
    <property name="java.ext.dirs" value="D:\IntelliJ IDEA 2019.1\jre64\lib\ext;C:\Windows\Sun\Java\lib\ext"/>
    <property name="sun.boot.class.path" value="D:\IntelliJ IDEA 2019.1\jre64\lib\resources.jar;D:\IntelliJ IDEA 2019.1\jre64\lib\rt.jar;D:\IntelliJ IDEA 2019.1\jre64\lib\sunrsasign.jar;D:\IntelliJ IDEA 2019.1\jre64\lib\jsse.jar;D:\IntelliJ IDEA 2019.1\jre64\lib\jce.jar;D:\IntelliJ IDEA 2019.1\jre64\lib\charsets.jar;D:\IntelliJ IDEA 2019.1\jre64\lib\jfr.jar;D:\IntelliJ IDEA 2019.1\jre64\classes"/>
    <property name="java.vendor" value="JetBrains s.r.o"/>
    <property name="maven.home" value="D:\apache-maven-3.3.9"/>
    <property name="file.separator" value="\"/>
    <property name="java.vendor.url.bug" value="https://youtrack.jetbrains.com"/>
    <property name="sun.cpu.endian" value="little"/>
    <property name="sun.io.unicode.encoding" value="UnicodeLittle"/>
    <property name="sun.desktop" value="windows"/>
    <property name="sun.cpu.isalist" value="amd64"/>
  </properties>
  <testcase classname="com.itheima.ssm.ItemsMapperTest" name="testFindItemsById" time="0.958"/>
</testsuite>